<?xml version="1.0" encoding="UTF-8"?>
<!-- Generated by org.testng.reporters.JUnitReportReporter -->
<testsuite skipped="0" hostname="DESKTOP-1EF3MD4" name="testpackage.TestOptionsOfDropdown" tests="1" failures="0" timestamp="2022-06-13T21:09:23 IST" time="25.426" errors="0">
  <testcase name="options" time="25.426" classname="testpackage.TestOptionsOfDropdown"/>
  <system-out>
    <![CDATA[test is straeted
-- custom name --
Client
Customer
Product
Product Line
Project
test is executed]]>
  </system-out>
</testsuite> <!-- testpackage.TestOptionsOfDropdown -->
