<?xml version="1.0" encoding="UTF-8"?>
<!-- Generated by org.testng.reporters.JUnitReportReporter -->
<testsuite skipped="0" hostname="DESKTOP-1EF3MD4" name="testpackage.TestActiTimeCustomerCheck" tests="1" failures="0" timestamp="2022-06-20T15:59:56 IST" time="33.078" errors="0">
  <testcase name="createCustomer" time="33.078" classname="testpackage.TestActiTimeCustomerCheck"/>
  <system-out>
    <![CDATA[test is straeted
customer is verify successfully
test is executed]]>
  </system-out>
</testsuite> <!-- testpackage.TestActiTimeCustomerCheck -->
