<?xml version="1.0" encoding="UTF-8"?>
<!-- Generated by org.testng.reporters.JUnitReportReporter -->
<testsuite skipped="0" hostname="DESKTOP-1EF3MD4" name="testpackage.TestActiTimeValidLogin" tests="1" failures="0" timestamp="2022-06-13T09:35:01 IST" time="41.010" errors="0">
  <testcase name="login" time="41.010" classname="testpackage.TestActiTimeValidLogin"/>
  <system-out>
    <![CDATA[test is straeted
test is executed]]>
  </system-out>
</testsuite> <!-- testpackage.TestActiTimeValidLogin -->
