<?xml version="1.0" encoding="UTF-8"?>
<!-- Generated by org.testng.reporters.JUnitReportReporter -->
<testsuite skipped="0" hostname="DESKTOP-1EF3MD4" name="testpackage.TestActiTimeLogout" tests="1" failures="0" timestamp="2022-06-13T09:35:01 IST" time="44.177" errors="0">
  <testcase name="logout" time="44.177" classname="testpackage.TestActiTimeLogout"/>
  <system-out>
    <![CDATA[test is straeted
test is executed]]>
  </system-out>
</testsuite> <!-- testpackage.TestActiTimeLogout -->
