<?xml version="1.0" encoding="UTF-8"?>
<!-- Generated by org.testng.reporters.JUnitReportReporter -->
<testsuite skipped="0" hostname="DESKTOP-1EF3MD4" name="testpackage.TestActiTimeValidLogin" tests="1" failures="0" timestamp="2022-06-20T16:28:00 IST" time="14.419" errors="0">
  <testcase name="login" time="14.419" classname="testpackage.TestActiTimeValidLogin"/>
  <system-out>
    <![CDATA[test is straeted
test is executed]]>
  </system-out>
</testsuite> <!-- testpackage.TestActiTimeValidLogin -->
