<?xml version="1.0" encoding="UTF-8"?>
<!-- Generated by org.testng.reporters.JUnitReportReporter -->
<testsuite skipped="0" hostname="DESKTOP-1EF3MD4" name="testpackage.TestActiTimeCreateCustomer" tests="1" failures="0" timestamp="2022-06-20T14:33:42 IST" time="30.442" errors="0">
  <testcase name="createCustomer" time="30.442" classname="testpackage.TestActiTimeCreateCustomer"/>
  <system-out>
    <![CDATA[test is straeted
test is executed]]>
  </system-out>
</testsuite> <!-- testpackage.TestActiTimeCreateCustomer -->
