<?xml version="1.0" encoding="UTF-8"?>
<!-- Generated by org.testng.reporters.JUnitReportReporter -->
<testsuite skipped="0" hostname="DESKTOP-1EF3MD4" name="testpackage.TestActiTimeUserCreate" tests="1" failures="0" timestamp="2022-06-20T12:45:30 IST" time="23.907" errors="0">
  <testcase name="createUser" time="23.907" classname="testpackage.TestActiTimeUserCreate"/>
  <system-out>
    <![CDATA[test is straeted
test is executed]]>
  </system-out>
</testsuite> <!-- testpackage.TestActiTimeUserCreate -->
