<?xml version="1.0" encoding="UTF-8"?>
<!-- Generated by org.testng.reporters.JUnitReportReporter -->
<testsuite skipped="0" hostname="DESKTOP-1EF3MD4" name="generic.abc" tests="1" failures="0" timestamp="2022-06-10T19:08:55 IST" time="16.272" errors="0">
  <testcase name="mai" time="16.272" classname="generic.abc"/>
  <system-out/>
</testsuite> <!-- generic.abc -->
