<?xml version="1.0" encoding="UTF-8"?>
<!-- Generated by org.testng.reporters.JUnitReportReporter -->
<testsuite skipped="0" hostname="DESKTOP-1EF3MD4" name="testpackage.TestUploadFile" tests="1" failures="0" timestamp="2022-06-15T23:26:27 IST" time="37.683" errors="0">
  <testcase name="uploadFile" time="37.683" classname="testpackage.TestUploadFile"/>
  <system-out>
    <![CDATA[test is straeted
test is executed]]>
  </system-out>
</testsuite> <!-- testpackage.TestUploadFile -->
