<?xml version="1.0" encoding="UTF-8"?>
<!-- Generated by org.testng.reporters.JUnitReportReporter -->
<testsuite skipped="0" hostname="DESKTOP-1EF3MD4" name="generic.NewTest" tests="1" failures="0" timestamp="2022-06-10T19:25:48 IST" time="7.244" errors="0">
  <testcase name="f" time="7.244" classname="generic.NewTest"/>
  <system-out/>
</testsuite> <!-- generic.NewTest -->
